Cadence Genus(TM) Synthesis Solution.
Copyright 2021 Cadence Design Systems, Inc. All rights reserved worldwide.
Cadence and the Cadence logo are registered trademarks and Genus is a trademark
of Cadence Design Systems, Inc. in the United States and other countries.

Version: 20.11-s111_1, built Mon Apr 26 02:27:38 PDT 2021
Options: 
Date:    Fri Jul 19 15:38:45 2024
Host:    cadencesys8 (x86_64 w/Linux 3.10.0-1160.el7.x86_64) (8cores*16cpus*1physical cpu*Intel(R) Core(TM) i7-10700 CPU @ 2.90GHz 16384KB) (16202968KB)
PID:     27887
OS:      Red Hat Enterprise Linux Server release 7.9 (Maipo)

Checking out license: Genus_Synthesis


***********************************************************************************************************
***********************************************************************************************************



Loading tool scripts...
Finished loading tool scripts (6 seconds elapsed).

WARNING: This version of the tool is 1180 days old.
@genus:root: 1> source console.tcl
Sourcing './console.tcl' (Fri Jul 19 15:39:01 IST 2024)...
#@ Begin verbose source ./console.tcl
@file(console.tcl) 1: set_db init_lib_search_path /home/installs/FOUNDRY/digital/90nm/dig/lib  
  Setting attribute of root '/': 'init_lib_search_path' = /home/installs/FOUNDRY/digital/90nm/dig/lib
@file(console.tcl) 2: set_db hdl_search_path /home/cadence/Desktop/sram/dual_port_ram
Warning : This attribute will be obsolete in a next major release. [TUI-32]
        : attribute: 'hdl_search_path', object type: 'root'
        : Attribute 'hdl_search_path' is going to be obsoleted, use the new attribute 'init_hdl_search_path'.
  Setting attribute of root '/': 'hdl_search_path' = /home/cadence/Desktop/sram/dual_port_ram
@file(console.tcl) 3: set_db library slow.lib

Threads Configured:3

  Message Summary for Library slow.lib:
  *************************************
  Missing a function attribute in the output pin definition. [LBR-518]: 1
  Missing library level attribute. [LBR-516]: 1
  *************************************
 
Info    : Created nominal operating condition. [LBR-412]
        : Operating condition '_nominal_' was created for the PVT values (1.000000, 0.900000, 125.000000) in library 'slow.lib'.
        : The nominal operating condition is represented, either by the nominal PVT values specified in the library source (via nom_process,nom_voltage and nom_temperature respectively), or by the default PVT values (1.0,1.0,1.0).
  Setting attribute of root '/': 'library' = slow.lib
@file(console.tcl) 4: read_hdl Ram_dualport.v
@file(console.tcl) 5: elaborate
  Library has 324 usable logic and 128 usable sequential lib-cells.
Info    : Elaborating Design. [ELAB-1]
        : Elaborating top-level block 'Ram_dualport' from file '/home/cadence/Desktop/sram/dual_port_ram/Ram_dualport.v'.
Warning : Signal or variable has multiple drivers. [CDFG2G-622]
        : 'ram[0][0]' in module 'Ram_dualport'.
        : This may cause simulation mismatches between the original and synthesized designs.
Warning : Signal or variable has multiple drivers. [CDFG2G-622]
        : 'ram[0][1]' in module 'Ram_dualport'.
Warning : Signal or variable has multiple drivers. [CDFG2G-622]
        : 'ram[0][2]' in module 'Ram_dualport'.
Warning : Signal or variable has multiple drivers. [CDFG2G-622]
        : 'ram[0][3]' in module 'Ram_dualport'.
Warning : Signal or variable has multiple drivers. [CDFG2G-622]
        : 'ram[0][4]' in module 'Ram_dualport'.
Warning : Signal or variable has multiple drivers. [CDFG2G-622]
        : 'ram[0][5]' in module 'Ram_dualport'.
Warning : Signal or variable has multiple drivers. [CDFG2G-622]
        : 'ram[0][6]' in module 'Ram_dualport'.
Warning : Signal or variable has multiple drivers. [CDFG2G-622]
        : 'ram[0][7]' in module 'Ram_dualport'.
Warning : Signal or variable has multiple drivers. [CDFG2G-622]
        : 'ram[1][0]' in module 'Ram_dualport'.
Warning : Signal or variable has multiple drivers. [CDFG2G-622]
        : 'ram[1][1]' in module 'Ram_dualport'.
Warning : Signal or variable has multiple drivers. [CDFG2G-622]
        : 'ram[1][2]' in module 'Ram_dualport'.
Warning : Signal or variable has multiple drivers. [CDFG2G-622]
        : 'ram[1][3]' in module 'Ram_dualport'.
Warning : Signal or variable has multiple drivers. [CDFG2G-622]
        : 'ram[1][4]' in module 'Ram_dualport'.
Warning : Signal or variable has multiple drivers. [CDFG2G-622]
        : 'ram[1][5]' in module 'Ram_dualport'.
Warning : Signal or variable has multiple drivers. [CDFG2G-622]
        : 'ram[1][6]' in module 'Ram_dualport'.
Warning : Signal or variable has multiple drivers. [CDFG2G-622]
        : 'ram[1][7]' in module 'Ram_dualport'.
Warning : Signal or variable has multiple drivers. [CDFG2G-622]
        : 'ram[2][0]' in module 'Ram_dualport'.
Warning : Signal or variable has multiple drivers. [CDFG2G-622]
        : 'ram[2][1]' in module 'Ram_dualport'.
Warning : Signal or variable has multiple drivers. [CDFG2G-622]
        : 'ram[2][2]' in module 'Ram_dualport'.
Warning : Signal or variable has multiple drivers. [CDFG2G-622]
        : 'ram[2][3]' in module 'Ram_dualport'.
Info    : Done Elaborating Design. [ELAB-3]
        : Done elaborating 'Ram_dualport'.
Checking for analog nets...
Check completed for analog nets.
Checking for source RTL...
Check completed for source RTL.
Running Unified Mux Engine Tricks...
Completed Unified Mux Engine Tricks
--------------------------------------------------------
| Trick             | Accepts | Rejects | Runtime (ms) | 
--------------------------------------------------------
| ume_constant_bmux |       0 |       0 |         0.00 | 
--------------------------------------------------------
Starting clip mux common data inputs [v1.0] (stage: post_elab, startdef: Ram_dualport, recur: true)
Completed clip mux common data inputs (accepts: 0, rejects: 0, runtime: 0.000s)
Starting clip the non-user hierarchies [v2.0] (stage: post_elab, startdef: Ram_dualport, recur: true)
Completed clip the non-user hierarchies (accepts: 0, rejects: 0, runtime: 0.001s)
UM:   flow.cputime  flow.realtime  timing.setup.tns  timing.setup.wns  snapshot
UM:*                                                                   elaborate
@file(console.tcl) 6: read_sdc /home/cadence/Desktop/sram/dual_port_ram/constraints.sdc
Warning : Unsupported SDC command option. [SDC-201] [set_input_delay]
        : The 'set_input_delay' command on line '6' in the SDC file '/home/cadence/Desktop/sram/dual_port_ram/constraints.sdc' is not supported on ports which have a clock already defined 'port:Ram_dualport/clk'.
        : The current version does not support this SDC command option.  However, future versions may be enhanced to support this option.
Warning : Could not find requested search value. [SDC-208] [get_ports]
        : The 'get_ports' command on line '7' of the SDC file '/home/cadence/Desktop/sram/dual_port_ram/constraints.sdc'  cannot find any ports named 'rst'
        : Use get_* commands to find the objects along with a wild card entry in the name of the object to check if the object is existing with different naming style.
Error   : A required object parameter could not be found. [TUI-61] [parse_options]
        : An object of type 'port|pin|hpin|port_bus' named '' could not be found.
        : Check to make sure that the object exists and is of the correct type.  The 'what_is' command can be used to determine the type of an object.
Error   : Could not interpret SDC command. [SDC-202] [read_sdc]
        : The 'read_sdc' command encountered an error while processing this command on line '7' of the SDC file '/home/cadence/Desktop/sram/dual_port_ram/constraints.sdc': set_input_delay -max 0.8 [get_ports 'rst'] -clock [get_clocks 'clk'].
        : The 'read_sdc' command encountered a problem while trying to evaluate an SDC command. This SDC command will be added to the Tcl variable $::dc::sdc_failed_commands.
Warning : Could not find requested search value. [SDC-208] [get_ports]
        : The 'get_ports' command on line '8' of the SDC file '/home/cadence/Desktop/sram/dual_port_ram/constraints.sdc'  cannot find any ports named 'count'
Error   : A required object parameter could not be found. [TUI-61] [parse_options]
        : An object of type 'port|pin|hpin|port_bus' named '' could not be found.
Error   : Could not interpret SDC command. [SDC-202] [read_sdc]
        : The 'read_sdc' command encountered an error while processing this command on line '8' of the SDC file '/home/cadence/Desktop/sram/dual_port_ram/constraints.sdc': set_output_delay -max 0.8 [get_ports 'count'] -clock [get_clocks 'clk'].
Statistics for commands executed by read_sdc:
 "all_inputs"               - successful      1 , failed      0 (runtime  0.00)
 "all_outputs"              - successful      1 , failed      0 (runtime  0.00)
 "create_clock"             - successful      1 , failed      0 (runtime  0.00)
 "current_design"           - successful      1 , failed      0 (runtime  0.00)
 "get_clocks"               - successful      5 , failed      0 (runtime  0.00)
 "get_ports"                - successful      3 , failed      2 (runtime  0.00)
 "set_clock_transition"     - successful      2 , failed      0 (runtime  0.00)
 "set_clock_uncertainty"    - successful      1 , failed      0 (runtime  0.00)
 "set_input_delay"          - successful      1 , failed      1 (runtime  0.00)
 "set_input_transition"     - successful      1 , failed      0 (runtime  0.00)
 "set_load"                 - successful      1 , failed      0 (runtime  0.00)
 "set_max_fanout"           - successful      1 , failed      0 (runtime  0.00)
 "set_output_delay"         - successful      0 , failed      1 (runtime  0.00)
Warning : Total failed commands during read_sdc are 4
Warning : One or more commands failed when these constraints were applied. [SDC-209]
        : The 'read_sdc' command encountered a problem while processing commands.
        : You can examine the failed commands or save them to a file by querying the Tcl variable $::dc::sdc_failed_commands.
read_sdc completed in 00:00:00 (hh:mm:ss)
@file(console.tcl) 7: set_db syn_generic_effort medium
  Setting attribute of root '/': 'syn_generic_effort' = medium
@file(console.tcl) 8: syn_generic
##Generic Timing Info for library domain: _default_ typical gate delay: 127.0 ps std_slew: 15.5 ps std_load: 7.0 fF
Starting mux data reorder optimization [v1.0] (stage: pre_to_gen_setup, startdef: Ram_dualport, recur: true)
Completed mux data reorder optimization (accepts: 0, rejects: 0, runtime: 0.000s)
Info    : Synthesizing. [SYNTH-1]
        : Synthesizing 'Ram_dualport' to generic gates using 'medium' effort.
PBS_Generic-Start - Elapsed_Time 0, CPU_Time 0.0
stamp 'PBS_Generic-Start' being created for table 'pbs_debug'

  Total Time (Wall) |  Stage Time (Wall)  |   % (Wall)   |    Date - Time     |  Memory   | Stage
--------------------+---------------------+--------------+--------------------+-----------+----------------------
 00:00:07(00:00:13) |  00:00:00(00:00:00) |   0.0(  0.0) |   15:39:02 (Jul19) |  327.7 MB | PBS_Generic-Start
--------------------+---------------------+--------------+--------------------+-----------+----------------------
Number of threads: 8 * 1   (id: pbs_debug, time_info v1.57)
Info: (*N*) indicates data that was populated from previously saved time_info database
Info: CPU time includes time of parent + longest thread
TNS Restructuring config: no_value at stage: generic applied.
Info    : Partition Based Synthesis execution skipped. [PHYS-752]
        : Design size is less than the partition size '100000' for distributed generic optimization to kick in.
Starting mux data reorder optimization [v1.0] (stage: pre_to_gen_setup, startdef: Ram_dualport, recur: true)
Completed mux data reorder optimization (accepts: 0, rejects: 0, runtime: 0.002s)
Starting mux data reorder optimization [v1.0] (stage: post_to_gen_setup, startdef: Ram_dualport, recur: true)
Completed mux data reorder optimization (accepts: 0, rejects: 0, runtime: 0.000s)
Running Unified Mux Engine Tricks...
Completed Unified Mux Engine Tricks
--------------------------------------------
| Trick | Accepts | Rejects | Runtime (ms) | 
--------------------------------------------
--------------------------------------------
Starting infer macro optimization [v1.0] (stage: pre_rtlopt, startdef: Ram_dualport, recur: true)
Completed infer macro optimization (accepts: 0, rejects: 0, runtime: 0.002s)
Starting decode mux sandwich optimization [v2.0] (stage: pre_rtlopt, startdef: Ram_dualport, recur: true)
Completed decode mux sandwich optimization (accepts: 0, rejects: 0, runtime: 0.000s)
Starting decode mux optimization [v1.0] (stage: pre_rtlopt, startdef: Ram_dualport, recur: true)
Completed decode mux optimization (accepts: 0, rejects: 0, runtime: 0.000s)
Starting chop wide muxes [v1.0] (stage: pre_rtlopt, startdef: Ram_dualport, recur: true)
Rejected mux_ram[adr1]_22_17 : has multidriven pins.

Rejected mux_ram[adr2]_32_17 : has multidriven pins.

Completed chop wide muxes (accepts: 0, rejects: 0, runtime: 0.001s)
Starting common data mux cascade opt [v1.0] (stage: pre_rtlopt, startdef: Ram_dualport, recur: true)
Completed common data mux cascade opt (accepts: 0, rejects: 0, runtime: 0.000s)
Starting mux input consolidation [v1.0] (stage: pre_rtlopt, startdef: Ram_dualport, recur: true)
Completed mux input consolidation (accepts: 0, rejects: 0, runtime: 0.000s)
Starting priority mux optimization [v1.0] (stage: pre_rtlopt, startdef: Ram_dualport, recur: true)
Completed priority mux optimization (accepts: 0, rejects: 0, runtime: 0.073s)
Starting constant-data mux optimization [v1.0] (stage: pre_rtlopt, startdef: Ram_dualport, recur: true)
Completed constant-data mux optimization (accepts: 0, rejects: 0, runtime: 0.000s)
Starting chain-to-tree inequality transform [v2.0] (stage: pre_rtlopt, startdef: Ram_dualport, recur: true)
Completed chain-to-tree inequality transform (accepts: 0, rejects: 0, runtime: 0.002s)
Starting reconvergence optimization [v1.0] (stage: pre_rtlopt, startdef: Ram_dualport, recur: true)
Completed reconvergence optimization (accepts: 0, rejects: 0, runtime: 0.001s)
Starting logic restructure optimization [v1.0] (stage: pre_rtlopt, startdef: Ram_dualport, recur: true)
Completed logic restructure optimization (accepts: 0, rejects: 0, runtime: 0.000s)
Starting common select mux optimization [v1.0] (stage: pre_rtlopt, startdef: Ram_dualport, recur: true)
Completed common select mux optimization (accepts: 0, rejects: 0, runtime: 0.000s)
Starting identity transform [v3.0] (stage: pre_rtlopt, startdef: Ram_dualport, recur: true)
Completed identity transform (accepts: 0, rejects: 0, runtime: 0.000s)
Starting reduce operator chain [v1.0] (stage: pre_rtlopt, startdef: Ram_dualport, recur: true)
Completed reduce operator chain (accepts: 0, rejects: 0, runtime: 0.000s)
Starting common data mux cascade opt [v1.0] (stage: pre_rtlopt, startdef: Ram_dualport, recur: true)
Completed common data mux cascade opt (accepts: 0, rejects: 0, runtime: 0.001s)
Starting mux input consolidation [v1.0] (stage: pre_rtlopt, startdef: Ram_dualport, recur: true)
Completed mux input consolidation (accepts: 0, rejects: 0, runtime: 0.000s)
Starting optimize datapath elements [v1.0] (stage: pre_rtlopt, startdef: Ram_dualport, recur: true)
Completed optimize datapath elements (accepts: 0, rejects: 0, runtime: 0.000s)
Starting clip mux common data inputs [v1.0] (stage: pre_rtlopt, startdef: Ram_dualport, recur: true)
Completed clip mux common data inputs (accepts: 0, rejects: 0, runtime: 0.000s)
Starting clip the non-user hierarchies [v2.0] (stage: pre_rtlopt, startdef: Ram_dualport, recur: true)
Completed clip the non-user hierarchies (accepts: 0, rejects: 0, runtime: 0.000s)
Running Unified Mux Engine Tricks...
Completed Unified Mux Engine Tricks
--------------------------------------------
| Trick | Accepts | Rejects | Runtime (ms) | 
--------------------------------------------
--------------------------------------------
Number of big hc bmuxes before = 2
Info    : Pre-processed datapath logic. [DPOPT-6]
        : No pre-processing optimizations applied to datapath logic in 'Ram_dualport'.
Info    : Optimizing datapath logic. [DPOPT-1]
        : Optimizing datapath logic in 'Ram_dualport'.
Info    : Implementing datapath configurations. [DPOPT-3]
        : Implementing datapath configurations for 'CDN_DP_region_0_0'
CSAGen Prep Share:0 Re-Write:0 Speculation: 0
CDN_DP_region_0_0 level = 0 loads = 0 drivers = 0
CDN_DP_region_0_0_c0 in Ram_dualport: area: 7812290560 ,dp = 0 mux = 2 sg = slow         worst_clk_period: 0.0000 
    wns: 0  norm_wns:  0.0000 
    fail_endp: 0 
    tns:  0  tns_per_endp:  0.0000   norm_tns_per_endp:  0.0000 
    tns_sense_max:  0.0000  tns_sense_avg:  0.0000   tns_sense_num: 0
 skipped
CDN_DP_region_0_0_c1 in Ram_dualport: area: 7812290560 ,dp = 0 mux = 2 sg = fast         worst_clk_period: 0.0000 
    wns: 0  norm_wns:  0.0000 
    fail_endp: 0 
    tns:  0  tns_per_endp:  0.0000   norm_tns_per_endp:  0.0000 
    tns_sense_max:  0.0000  tns_sense_avg:  0.0000   tns_sense_num: 0
 is current best
CDN_DP_region_0_0_c2 in Ram_dualport: area: 7812290560 ,dp = 0 mux = 2 sg = very_slow    worst_clk_period: 0.0000 
    wns: 0  norm_wns:  0.0000 
    fail_endp: 0 
    tns:  0  tns_per_endp:  0.0000   norm_tns_per_endp:  0.0000 
    tns_sense_max:  0.0000  tns_sense_avg:  0.0000   tns_sense_num: 0
 is current best
CDN_DP_region_0_0_c3 in Ram_dualport: area: 7812290560 ,dp = 0 mux = 2 sg = very_fast    worst_clk_period: 0.0000 
    wns: 0  norm_wns:  0.0000 
    fail_endp: 0 
    tns:  0  tns_per_endp:  0.0000   norm_tns_per_endp:  0.0000 
    tns_sense_max:  0.0000  tns_sense_avg:  0.0000   tns_sense_num: 0
 is current best
CDN_DP_region_0_0_c4 in Ram_dualport: area: 7812290560 ,dp = 0 mux = 2 sg = very_fast    worst_clk_period: 0.0000 
    wns: 0  norm_wns:  0.0000 
    fail_endp: 0 
    tns:  0  tns_per_endp:  0.0000   norm_tns_per_endp:  0.0000 
    tns_sense_max:  0.0000  tns_sense_avg:  0.0000   tns_sense_num: 0
 is current best
CDN_DP_region_0_0_c5 in Ram_dualport: area: 7812290560 ,dp = 0 mux = 2 sg = very_fast    worst_clk_period: 0.0000 
    wns: 0  norm_wns:  0.0000 
    fail_endp: 0 
    tns:  0  tns_per_endp:  0.0000   norm_tns_per_endp:  0.0000 
    tns_sense_max:  0.0000  tns_sense_avg:  0.0000   tns_sense_num: 0
 is current best
CDN_DP_region_0_0_c6 in Ram_dualport: area: 7812290560 ,dp = 0 mux = 2 sg = very_fast    worst_clk_period: 0.0000 
    wns: 0  norm_wns:  0.0000 
    fail_endp: 0 
    tns:  0  tns_per_endp:  0.0000   norm_tns_per_endp:  0.0000 
    tns_sense_max:  0.0000  tns_sense_avg:  0.0000   tns_sense_num: 0
 is current best
CDN_DP_region_0_0_c7 in Ram_dualport: area: 7812290560 ,dp = 0 mux = 2 sg = very_fast    worst_clk_period: 0.0000 
    wns: 0  norm_wns:  0.0000 
    fail_endp: 0 
    tns:  0  tns_per_endp:  0.0000   norm_tns_per_endp:  0.0000 
    tns_sense_max:  0.0000  tns_sense_avg:  0.0000   tns_sense_num: 0
 is current best
Best config: CDN_DP_region_0_0_c7 in Ram_dualport: area: 7812290560 ,dp = 0 mux = 2 sg = very_fast    worst_clk_period: 0.0000 
    wns: 0  norm_wns:  0.0000 
    fail_endp: 0 
    tns:  0  tns_per_endp:  0.0000   norm_tns_per_endp:  0.0000 
    tns_sense_max:  0.0000  tns_sense_avg:  0.0000   tns_sense_num: 0
  Smallest config area : 7812290560.  Fastest config wns;  0
##>+----------------------------------------------------------------------------------------------------------------------------------------------------------------+
##>Summary table of configs (Best config is CDN_DP_region_0_0_c7)
##>+----------------------------------------------------------------------------------------------------------------------------------------------------------------+
##>                     0                  1                  2                  3                  4                  5                  6                  7            
##>+----------------------------------------------------------------------------------------------------------------------------------------------------------------+
##>           Area       7812290560         7812290560         7812290560         7812290560         7812290560         7812290560         7812290560         7812290560  
##>            WNS          +513.10            +513.10            +513.10            +513.10            +513.10            +513.10            +513.10            +513.10  
##>            TNS                0                  0                  0                  0                  0                  0                  0                  0  
##>    Num Rewrite                0                  0                  0                  0                  0                  0                  0                  0  
##>     Num Factor                0                  0                  0                  0                  0                  0                  0                  0  
##>      Num Share                0                  0                  0                  0                  0                  0                  0                  0  
##>   Num CmultCse                0                  0                  0                  0                  0                  0                  0                  0  
##>   Num Downsize                0                  0                  0                  0                  0                  0                  0                  0  
##>  Num Speculate                0                  0                  0                  0                  0                  0                  0                  0  
##>     Runtime(s)                0                  0                  0                  0                  0                  0                  0                  0  
+----------------------------------------------------------------------------------------------------------------------------------------------------------------+
##>
##>
##>+------------------------------------------------------------------------------------------------------------------------------------------------------------+
##>Optimization Step DEBUG Table for config CDN_DP_region_0_0_c7
##>
##>                          Step                        Area   ( % Chg)        WNS (Change)        TNS (Change)          Runtime (s)        Comment                   
##>+------------------------------------------------------------------------------------------------------------------------------------------------------------+
##>EquationExtraction              START             7812290560 (      )      513.10 (        )             0 (        )              
##>                                  END             7812290560 ( +0.00)      513.10 (   +0.00)             0 (       0)           0  
##>createMaxCarrySave              START             7812290560 ( +0.00)      513.10 (   +0.00)             0 (       0)              
##> datapath_rewrite_one_def       START             7812290560 ( +0.00)      513.10 (   +0.00)             0 (       0)              
##>                                  END             7812290560 ( +0.00)      513.10 (   +0.00)             0 (       0)           0  
##> csa_opto                       START             7812290560 ( +0.00)      513.10 (   +0.00)             0 (       0)              
##>                                  END             7812290560 ( +0.00)      513.10 (   +0.00)             0 (       0)           0  
##>                                  END             7812290560 ( +0.00)      513.10 (   +0.00)             0 (       0)           0  
##>canonicalize_by_names           START             7812290560 ( +0.00)      513.10 (   +0.00)             0 (       0)              
##>                                  END             7812290560 ( +0.00)      513.10 (   +0.00)             0 (       0)           0  
##>datapath_rewrite_post_csa_one_  START             7812290560 ( +0.00)      513.10 (   +0.00)             0 (       0)              
##>                                  END             7812290560 ( +0.00)      513.10 (   +0.00)             0 (       0)           0  
##>datapath_csa_factoring_one_gde  START             7812290560 ( +0.00)      513.10 (   +0.00)             0 (       0)              
##>                                  END             7812290560 ( +0.00)      513.10 (   +0.00)             0 (       0)           0  
##>dpopt_share_one_def             START             7812290560 ( +0.00)      513.10 (   +0.00)             0 (       0)              
##>                                  END             7812290560 ( +0.00)      513.10 (   +0.00)             0 (       0)           0  
##>datapath_rewrite_post_share     START             7812290560 ( +0.00)      513.10 (   +0.00)             0 (       0)              
##>                                  END             7812290560 ( +0.00)      513.10 (   +0.00)             0 (       0)           0  
##>dp_combine_const_mult_with_com  START             7812290560 ( +0.00)      513.10 (   +0.00)             0 (       0)              
##>                                  END             7812290560 ( +0.00)      513.10 (   +0.00)             0 (       0)           0  
##>dp_operator_level_decompositio  START             7812290560 ( +0.00)      513.10 (   +0.00)             0 (       0)              
##>                                  END             7812290560 ( +0.00)      513.10 (   +0.00)             0 (       0)           0  
##>selective_flatten_dp_config     START             7812290560 ( +0.00)      513.10 (   +0.00)             0 (       0)              
##>                                  END             7812290560 ( +0.00)      513.10 (   +0.00)             0 (       0)           0  
##>createMaxCarrySave              START             7812290560 ( +0.00)      513.10 (   +0.00)             0 (       0)              
##> datapath_rewrite_one_def       START             7812290560 ( +0.00)      513.10 (   +0.00)             0 (       0)              
##>  fast_cse_elim                 START             7812290560 ( +0.00)      513.10 (   +0.00)             0 (       0)              
##>                                  END             7812290560 ( +0.00)      513.10 (   +0.00)             0 (       0)           0  
##>  fast_cse_elim                 START             7812290560 ( +0.00)      513.10 (   +0.00)             0 (       0)              
##>                                  END             7812290560 ( +0.00)      513.10 (   +0.00)             0 (       0)           0  
##>                                  END             7812290560 ( +0.00)      513.10 (   +0.00)             0 (       0)           0  
##> csa_opto                       START             7812290560 ( +0.00)      513.10 (   +0.00)             0 (       0)              
##>                                  END             7812290560 ( +0.00)      513.10 (   +0.00)             0 (       0)           0  
##>                                  END             7812290560 ( +0.00)      513.10 (   +0.00)             0 (       0)           0  
##>context_based_simplify          START             7812290560 ( +0.00)      513.10 (   +0.00)             0 (       0)              
##>                                  END             7812290560 ( +0.00)      513.10 (   +0.00)             0 (       0)           0  
##>group_csa_final_adder_dp        START             7812290560 ( +0.00)      513.10 (   +0.00)             0 (       0)              
##>                                  END             7812290560 ( +0.00)      513.10 (   +0.00)             0 (       0)           0  
##>dpopt_flatten_critical_muxes_i  START             7812290560 ( +0.00)      513.10 (   +0.00)             0 (       0)              
##>                                  END             7812290560 ( +0.00)      513.10 (   +0.00)             0 (       0)           0  
##>create_score                    START             7812290560 ( +0.00)      513.10 (   +0.00)             0 (       0)              
##>                                  END             7812290560 ( +0.00)      513.10 (   +0.00)             0 (       0)           0  
##>+------------------------------------------------------------------------------------------------------------------------------------------------------------+
Committed config: CDN_DP_region_0_0_c7
Info    : Done implementing datapath configurations. [DPOPT-4]
        : Selected 'very_fast' configuration 7 for module 'CDN_DP_region_0_0'.
          Optimizations applied to 'very_fast' configuration:
            rewriting(0), factoring(0), sharing(0), cmultcse(0), downsizing(0), speculation(0)
Info    : Done optimizing datapath logic. [DPOPT-2]
        : Done optimizing datapath logic in 'Ram_dualport'.
Number of big hc bmuxes after = 2
Starting logic reduction [v1.0] (stage: post_rtlopt, startdef: Ram_dualport, recur: true)
Completed logic reduction (accepts: 0, rejects: 0, runtime: 0.000s)
Starting mux data reorder optimization [v1.0] (stage: post_rtlopt, startdef: Ram_dualport, recur: true)
Completed mux data reorder optimization (accepts: 0, rejects: 0, runtime: 0.000s)
Starting mux speculation [v1.0] (stage: post_muxopt, startdef: Ram_dualport, recur: true)
Starting speculation optimization
Completed speculation optimization (accepts:0)
Completed mux speculation (accepts: 0, rejects: 0, runtime: 0.099s)
==================================
Stage : to_generic 
==================================
  =================
   Message Summary
  =================
--------------------------------------------------------------------------------
|     Id     |  Sev   |Count |                  Message Text                   |
--------------------------------------------------------------------------------
| CDFG-250   |Info    |    1 |Processing multi-dimensional arrays.             |
| CDFG2G-622 |Warning |  512 |Signal or variable has multiple drivers.         |
|            |        |      |This may cause simulation mismatches between the |
|            |        |      | original and synthesized designs.               |
| DPOPT-1    |Info    |    1 |Optimizing datapath logic.                       |
| DPOPT-2    |Info    |    1 |Done optimizing datapath logic.                  |
| DPOPT-3    |Info    |    1 |Implementing datapath configurations.            |
| DPOPT-4    |Info    |    1 |Done implementing datapath configurations.       |
| DPOPT-6    |Info    |    1 |Pre-processed datapath logic.                    |
| ELAB-1     |Info    |    1 |Elaborating Design.                              |
| ELAB-3     |Info    |    1 |Done Elaborating Design.                         |
| LBR-41     |Info    |    1 |An output library pin lacks a function           |
|            |        |      | attribute.                                      |
|            |        |      |If the remainder of this library cell's semantic |
|            |        |      | checks are successful, it will be considered as |
|            |        |      | a timing-model                                  |
|            |        |      | (because one of its outputs does not have a val |
|            |        |      | id function.                                    |
| LBR-155    |Info    |  372 |Mismatch in unateness between 'timing_sense'     |
|            |        |      | attribute and the function.                     |
|            |        |      |The 'timing_sense' attribute will be respected.  |
| LBR-161    |Info    |    1 |Setting the maximum print count of this message  |
|            |        |      | to 10 if information_level is less than 9.      |
| LBR-162    |Info    |  124 |Both 'pos_unate' and 'neg_unate' timing_sense    |
|            |        |      | arcs have been processed.                       |
|            |        |      |Setting the 'timing_sense' to non_unate.         |
| LBR-170    |Info    |   32 |Ignoring specified timing sense.                 |
|            |        |      |Timing sense should never be set with            |
|            |        |      | 'rising_edge' or 'falling_edge' timing type.    |
| LBR-412    |Info    |    1 |Created nominal operating condition.             |
|            |        |      |The nominal operating condition is represented,  |
|            |        |      | either by the nominal PVT values specified in   |
|            |        |      | the library source                              |
|            |        |      | (via nom_process,nom_voltage and nom_temperatur |
|            |        |      | e respectively)                                 |
|            |        |      | , or by the default PVT values (1.0,1.0,1.0).   |
| LBR-516    |Info    |    1 |Missing library level attribute.                 |
| LBR-518    |Info    |    1 |Missing a function attribute in the output pin   |
|            |        |      | definition.                                     |
| PHYS-752   |Info    |    1 |Partition Based Synthesis execution skipped.     |
| SDC-201    |Warning |    1 |Unsupported SDC command option.                  |
|            |        |      |The current version does not support this SDC    |
|            |        |      | command option.  However, future versions may   |
|            |        |      | be enhanced to support this option.             |
| SDC-202    |Error   |    2 |Could not interpret SDC command.                 |
|            |        |      |The 'read_sdc' command encountered a problem     |
|            |        |      | while trying to evaluate an SDC command. This   |
|            |        |      | SDC command will be added to the Tcl variable   |
|            |        |      | $::dc::sdc_failed_commands.                     |
| SDC-208    |Warning |    2 |Could not find requested search value.           |
|            |        |      |Use get_* commands to find the objects along     |
|            |        |      | with a wild card entry in the name of the       |
|            |        |      | object to check if the object is existing with  |
|            |        |      | different naming style.                         |
| SDC-209    |Warning |    1 |One or more commands failed when these           |
|            |        |      | constraints were applied.                       |
|            |        |      |You can examine the failed commands or save them |
|            |        |      | to a file by querying the Tcl variable          |
|            |        |      | $::dc::sdc_failed_commands.                     |
| SYNTH-1    |Info    |    1 |Synthesizing.                                    |
| TIM-1000   |Info    |    1 |Multimode clock gating check is disabled.        |
| TUI-32     |Warning |    1 |This attribute will be obsolete in a next major  |
|            |        |      | release.                                        |
| TUI-61     |Error   |    2 |A required object parameter could not be found.  |
|            |        |      |Check to make sure that the object exists and is |
|            |        |      | of the correct type.  The 'what_is' command can |
|            |        |      | be used to determine the type of an object.     |
--------------------------------------------------------------------------------
Mapper: Libraries have:
	domain _default_: 324 combo usable cells and 128 sequential usable cells
Multi-threaded constant propagation [1|0] ...
Multi-threaded Virtual Mapping    (8 threads per ST process, 8 of 16 CPUs usable)
Warning : The database contains a field that the reader does not support. [DATABASE-103]
        : Unsupported data skipped.
Warning : The database contains a field that the reader does not support. [DATABASE-103]
        : Unsupported data skipped.
==================================
Stage : first_condense 
==================================
  =================
   Message Summary
  =================
--------------------------------------------------------------------------------
|      Id      |  Sev   |Count |                 Message Text                  |
--------------------------------------------------------------------------------
| DATABASE-103 |Warning |    2 |The database contains a field that the reader  |
|              |        |      | does not support.                             |
--------------------------------------------------------------------------------
 
Global mapping target info
==========================
Cost Group 'clk' target slack:    59 ps
Target path end-point (Pin: q2_reg[7]/d)


State Retention Synthesis Status
================================

Category                        Flops   Percentage
--------------------------------------------------
Total instances                  1040        100.0
Excluded from State Retention    1040        100.0
    - Will not convert           1040        100.0
      - Preserved                   0          0.0
      - Power intent excluded    1040        100.0
    - Could not convert             0          0.0
      - Scan type                   0          0.0
      - No suitable cell            0          0.0
State Retention instances           0          0.0
--------------------------------------------------

PBS_Generic_Opt-Post - Elapsed_Time 6, CPU_Time 6.453645999999999
stamp 'PBS_Generic_Opt-Post' being created for table 'pbs_debug'

  Total Time (Wall) |  Stage Time (Wall)  |   % (Wall)   |    Date - Time     |  Memory   | Stage
--------------------+---------------------+--------------+--------------------+-----------+----------------------
 00:00:07(00:00:13) |  00:00:00(00:00:00) |   0.0(  0.0) |   15:39:02 (Jul19) |  327.7 MB | PBS_Generic-Start
--------------------+---------------------+--------------+--------------------+-----------+----------------------
 00:00:13(00:00:19) |  00:00:06(00:00:06) | 100.0(100.0) |   15:39:08 (Jul19) |  609.5 MB | PBS_Generic_Opt-Post
--------------------+---------------------+--------------+--------------------+-----------+----------------------
Number of threads: 8 * 1   (id: pbs_debug, time_info v1.57)
Info: (*N*) indicates data that was populated from previously saved time_info database
Info: CPU time includes time of parent + longest thread
PBS_Generic-Postgen HBO Optimizations - Elapsed_Time 0, CPU_Time 0.0
stamp 'PBS_Generic-Postgen HBO Optimizations' being created for table 'pbs_debug'

  Total Time (Wall) |  Stage Time (Wall)  |   % (Wall)   |    Date - Time     |  Memory   | Stage
--------------------+---------------------+--------------+--------------------+-----------+----------------------
 00:00:07(00:00:13) |  00:00:00(00:00:00) |   0.0(  0.0) |   15:39:02 (Jul19) |  327.7 MB | PBS_Generic-Start
--------------------+---------------------+--------------+--------------------+-----------+----------------------
 00:00:13(00:00:19) |  00:00:06(00:00:06) | 100.0(100.0) |   15:39:08 (Jul19) |  609.5 MB | PBS_Generic_Opt-Post
--------------------+---------------------+--------------+--------------------+-----------+----------------------
 00:00:13(00:00:19) |  00:00:00(00:00:00) |   0.0(  0.0) |   15:39:08 (Jul19) |  609.5 MB | PBS_Generic-Postgen HBO Optimizations
--------------------+---------------------+--------------+--------------------+-----------+----------------------
Number of threads: 8 * 1   (id: pbs_debug, time_info v1.57)
Info: (*N*) indicates data that was populated from previously saved time_info database
Info: CPU time includes time of parent + longest thread
##>=================== Cadence Confidential (Generic-Logical) ===================
##>=================== Cadence Confidential (Generic-Logical) ===================
##>Main Thread Summary:
##>----------------------------------------------------------------------------------------
##>STEP                           Elapsed       WNS       TNS     Insts      Area    Memory
##>----------------------------------------------------------------------------------------
##>G:Initial                            0         -         -      1494     38626       327
##>G:Setup                              0         -         -         -         -         -
##>G:Launch ST                          0         -         -         -         -         -
##>G:Design Partition                   0         -         -         -         -         -
##>G:Create Partition Netlists          0         -         -         -         -         -
##>G:Init Power                         0         -         -         -         -         -
##>G:Budgeting                          0         -         -         -         -         -
##>G:Derenv-DB                          0         -         -         -         -         -
##>G:Debug Outputs                      0         -         -         -         -         -
##>G:ST loading                         0         -         -         -         -         -
##>G:Distributed                        0         -         -         -         -         -
##>G:Timer                              0         -         -         -         -         -
##>G:Assembly                           0         -         -         -         -         -
##>G:DFT                                0         -         -         -         -         -
##>G:Const Prop                         0         -         -      3400     45775       609
##>G:Misc                               6
##>----------------------------------------------------------------------------------------
##>Total Elapsed                        6
##>========================================================================================
Info    : Done synthesizing. [SYNTH-2]
        : Done synthesizing 'Ram_dualport' to generic gates.
      flow.cputime  flow.realtime  timing.setup.tns  timing.setup.wns  snapshot
UM:*                                                                   syn_gen
@file(console.tcl) 9: set_db syn_map_effort medium
  Setting attribute of root '/': 'syn_map_effort' = medium
@file(console.tcl) 10: syn_map
##Generic Timing Info for library domain: _default_ typical gate delay: 127.0 ps std_slew: 15.5 ps std_load: 7.0 fF
Info    : Mapping. [SYNTH-4]
        : Mapping 'Ram_dualport' using 'medium' effort.
Mapper: Libraries have:
	domain _default_: 324 combo usable cells and 128 sequential usable cells
Configuring mapper costing (none)
TNS Restructuring config: no_value at stage: map applied.
PBS_TechMap-Start - Elapsed_Time 0, CPU_Time 0.0
stamp 'PBS_TechMap-Start' being created for table 'pbs_debug'

  Total Time (Wall) |  Stage Time (Wall)  |   % (Wall)   |    Date - Time     |  Memory   | Stage
--------------------+---------------------+--------------+--------------------+-----------+----------------------
 00:00:07(00:00:13) |  00:00:00(00:00:00) |   0.0(  0.0) |   15:39:02 (Jul19) |  327.7 MB | PBS_Generic-Start
--------------------+---------------------+--------------+--------------------+-----------+----------------------
 00:00:13(00:00:19) |  00:00:06(00:00:06) | 100.0(100.0) |   15:39:08 (Jul19) |  609.5 MB | PBS_Generic_Opt-Post
--------------------+---------------------+--------------+--------------------+-----------+----------------------
 00:00:13(00:00:19) |  00:00:00(00:00:00) |   0.0(  0.0) |   15:39:08 (Jul19) |  609.5 MB | PBS_Generic-Postgen HBO Optimizations
--------------------+---------------------+--------------+--------------------+-----------+----------------------
 00:00:13(00:00:19) |  00:00:00(00:00:00) |   0.0(  0.0) |   15:39:08 (Jul19) |  609.5 MB | PBS_TechMap-Start
--------------------+---------------------+--------------+--------------------+-----------+----------------------
Number of threads: 8 * 1   (id: pbs_debug, time_info v1.57)
Info: (*N*) indicates data that was populated from previously saved time_info database
Info: CPU time includes time of parent + longest thread
PBS_TechMap-Premap HBO Optimizations - Elapsed_Time 0, CPU_Time 0.0
stamp 'PBS_TechMap-Premap HBO Optimizations' being created for table 'pbs_debug'

  Total Time (Wall) |  Stage Time (Wall)  |   % (Wall)   |    Date - Time     |  Memory   | Stage
--------------------+---------------------+--------------+--------------------+-----------+----------------------
 00:00:07(00:00:13) |  00:00:00(00:00:00) |   0.0(  0.0) |   15:39:02 (Jul19) |  327.7 MB | PBS_Generic-Start
--------------------+---------------------+--------------+--------------------+-----------+----------------------
 00:00:13(00:00:19) |  00:00:06(00:00:06) | 100.0(100.0) |   15:39:08 (Jul19) |  609.5 MB | PBS_Generic_Opt-Post
--------------------+---------------------+--------------+--------------------+-----------+----------------------
 00:00:13(00:00:19) |  00:00:00(00:00:00) |   0.0(  0.0) |   15:39:08 (Jul19) |  609.5 MB | PBS_Generic-Postgen HBO Optimizations
--------------------+---------------------+--------------+--------------------+-----------+----------------------
 00:00:13(00:00:19) |  00:00:00(00:00:00) |   0.0(  0.0) |   15:39:08 (Jul19) |  609.5 MB | PBS_TechMap-Start
--------------------+---------------------+--------------+--------------------+-----------+----------------------
 00:00:13(00:00:19) |  00:00:00(00:00:00) |   0.0(  0.0) |   15:39:08 (Jul19) |  609.5 MB | PBS_TechMap-Premap HBO Optimizations
--------------------+---------------------+--------------+--------------------+-----------+----------------------
Number of threads: 8 * 1   (id: pbs_debug, time_info v1.57)
Info: (*N*) indicates data that was populated from previously saved time_info database
Info: CPU time includes time of parent + longest thread
Info    : Partition Based Synthesis execution skipped. [PHYS-752]
        : Design size is less than the partition size '100000' for distributed mapping optimization to kick in.
Mapper: Libraries have:
	domain _default_: 324 combo usable cells and 128 sequential usable cells
new_area=14457315050  new_slack=719.50  new_is_better=1
Multi-threaded Virtual Mapping    (8 threads per ST process, 8 of 16 CPUs usable)
Warning : The database contains a field that the reader does not support. [DATABASE-103]
        : Unsupported data skipped.
Warning : The database contains a field that the reader does not support. [DATABASE-103]
        : Unsupported data skipped.
==================================
Stage : first_condense 
==================================
  =================
   Message Summary
  =================
--------------------------------------------------------------------------------
|      Id      |  Sev   |Count |                 Message Text                  |
--------------------------------------------------------------------------------
| DATABASE-103 |Warning |    2 |The database contains a field that the reader  |
|              |        |      | does not support.                             |
| PHYS-752     |Info    |    1 |Partition Based Synthesis execution skipped.   |
| SYNTH-2      |Info    |    1 |Done synthesizing.                             |
| SYNTH-4      |Info    |    1 |Mapping.                                       |
--------------------------------------------------------------------------------
 
Global mapping target info
==========================
Cost Group 'clk' target slack:    58 ps
Target path end-point (Pin: q1_reg[7]/d)

Multi-threaded Technology Mapping (8 threads per ST process, 8 of 16 CPUs usable)
Warning : The database contains a field that the reader does not support. [DATABASE-103]
        : Unsupported data skipped.
Warning : The database contains a field that the reader does not support. [DATABASE-103]
        : Unsupported data skipped.
 
Global mapping status
=====================
                                   Group   
                                  Tot Wrst 
                           Total  Weighted 
Operation                   Area   Slacks  
 global_map                26439        0 

    Cost Group            Target    Slack    Diff.  Constr.
-----------------------------------------------------------
           clk                58      766              2000 

 
Global incremental target info
==============================
Cost Group 'clk' target slack:    37 ps
Target path end-point (Pin: q2_reg[7]/D (DFFQX4/D))

Warning : The database contains a field that the reader does not support. [DATABASE-103]
        : Unsupported data skipped.
Warning : The database contains a field that the reader does not support. [DATABASE-103]
        : Unsupported data skipped.
==================================
Stage : global_incr_map 
==================================
  =================
   Message Summary
  =================
--------------------------------------------------------------------------------
|      Id      |  Sev   |Count |                 Message Text                  |
--------------------------------------------------------------------------------
| DATABASE-103 |Warning |    4 |The database contains a field that the reader  |
|              |        |      | does not support.                             |
| PA-7         |Info    |    2 |Resetting power analysis results.              |
|              |        |      |All computed switching activities are removed. |
--------------------------------------------------------------------------------
 
Global incremental optimization status
======================================
                                   Group   
                                  Tot Wrst 
                           Total  Weighted 
Operation                   Area   Slacks  
 global_incr               26610        0 

    Cost Group            Target    Slack    Diff.  Constr.
-----------------------------------------------------------
           clk                37      766              2000 


State Retention Synthesis Status
================================

Category                        Flops   Percentage
--------------------------------------------------
Total instances                  1040        100.0
Excluded from State Retention    1040        100.0
    - Will not convert           1040        100.0
      - Preserved                   0          0.0
      - Power intent excluded    1040        100.0
    - Could not convert             0          0.0
      - Scan type                   0          0.0
      - No suitable cell            0          0.0
State Retention instances           0          0.0
--------------------------------------------------

INFO: skipping constant propagation
PBS_Techmap-Global Mapping - Elapsed_Time 9, CPU_Time 10.665862000000011
stamp 'PBS_Techmap-Global Mapping' being created for table 'pbs_debug'

  Total Time (Wall) |  Stage Time (Wall)  |   % (Wall)   |    Date - Time     |  Memory   | Stage
--------------------+---------------------+--------------+--------------------+-----------+----------------------
 00:00:07(00:00:13) |  00:00:00(00:00:00) |   0.0(  0.0) |   15:39:02 (Jul19) |  327.7 MB | PBS_Generic-Start
--------------------+---------------------+--------------+--------------------+-----------+----------------------
 00:00:13(00:00:19) |  00:00:06(00:00:06) |  37.7( 40.0) |   15:39:08 (Jul19) |  609.5 MB | PBS_Generic_Opt-Post
--------------------+---------------------+--------------+--------------------+-----------+----------------------
 00:00:13(00:00:19) |  00:00:00(00:00:00) |   0.0(  0.0) |   15:39:08 (Jul19) |  609.5 MB | PBS_Generic-Postgen HBO Optimizations
--------------------+---------------------+--------------+--------------------+-----------+----------------------
 00:00:13(00:00:19) |  00:00:00(00:00:00) |   0.0(  0.0) |   15:39:08 (Jul19) |  609.5 MB | PBS_TechMap-Start
--------------------+---------------------+--------------+--------------------+-----------+----------------------
 00:00:13(00:00:19) |  00:00:00(00:00:00) |   0.0(  0.0) |   15:39:08 (Jul19) |  609.5 MB | PBS_TechMap-Premap HBO Optimizations
--------------------+---------------------+--------------+--------------------+-----------+----------------------
 00:00:24(00:00:28) |  00:00:10(00:00:09) |  62.3( 60.0) |   15:39:17 (Jul19) |  601.1 MB | PBS_Techmap-Global Mapping
--------------------+---------------------+--------------+--------------------+-----------+----------------------
Number of threads: 8 * 1   (id: pbs_debug, time_info v1.57)
Info: (*N*) indicates data that was populated from previously saved time_info database
Info: CPU time includes time of parent + longest thread
Info    : Command 'commit_power_intent' cannot proceed as there is no power intent loaded. [CPI-506]
        : Command 'commit_power_intent' requires a valid power_intent to be loaded.
Info    : Forcing flat compare. [CFM-212]
        : No hierarchies found in design.
Info    : Wrote formal verification information. [CFM-5]
        : Wrote 'fv/Ram_dualport/fv_map.fv.json' for netlist 'fv/Ram_dualport/fv_map.v.gz'.
Info    : Wrote dofile. [CFM-1]
        : Dofile is 'fv/Ram_dualport/rtl_to_fv_map.do'.
        : Alias mapping flow is enabled.
PBS_TechMap-Datapath Postmap Operations - Elapsed_Time 1, CPU_Time 1.0
stamp 'PBS_TechMap-Datapath Postmap Operations' being created for table 'pbs_debug'

  Total Time (Wall) |  Stage Time (Wall)  |   % (Wall)   |    Date - Time     |  Memory   | Stage
--------------------+---------------------+--------------+--------------------+-----------+----------------------
 00:00:07(00:00:13) |  00:00:00(00:00:00) |   0.0(  0.0) |   15:39:02 (Jul19) |  327.7 MB | PBS_Generic-Start
--------------------+---------------------+--------------+--------------------+-----------+----------------------
 00:00:13(00:00:19) |  00:00:06(00:00:06) |  35.6( 37.5) |   15:39:08 (Jul19) |  609.5 MB | PBS_Generic_Opt-Post
--------------------+---------------------+--------------+--------------------+-----------+----------------------
 00:00:13(00:00:19) |  00:00:00(00:00:00) |   0.0(  0.0) |   15:39:08 (Jul19) |  609.5 MB | PBS_Generic-Postgen HBO Optimizations
--------------------+---------------------+--------------+--------------------+-----------+----------------------
 00:00:13(00:00:19) |  00:00:00(00:00:00) |   0.0(  0.0) |   15:39:08 (Jul19) |  609.5 MB | PBS_TechMap-Start
--------------------+---------------------+--------------+--------------------+-----------+----------------------
 00:00:13(00:00:19) |  00:00:00(00:00:00) |   0.0(  0.0) |   15:39:08 (Jul19) |  609.5 MB | PBS_TechMap-Premap HBO Optimizations
--------------------+---------------------+--------------+--------------------+-----------+----------------------
 00:00:24(00:00:28) |  00:00:10(00:00:09) |  58.9( 56.2) |   15:39:17 (Jul19) |  601.1 MB | PBS_Techmap-Global Mapping
--------------------+---------------------+--------------+--------------------+-----------+----------------------
 00:00:25(00:00:29) |  00:00:01(00:00:01) |   5.5(  6.2) |   15:39:18 (Jul19) |  601.1 MB | PBS_TechMap-Datapath Postmap Operations
--------------------+---------------------+--------------+--------------------+-----------+----------------------
Number of threads: 8 * 1   (id: pbs_debug, time_info v1.57)
Info: (*N*) indicates data that was populated from previously saved time_info database
Info: CPU time includes time of parent + longest thread
PBS_TechMap-Postmap HBO Optimizations - Elapsed_Time 0, CPU_Time -0.03190800000000138
stamp 'PBS_TechMap-Postmap HBO Optimizations' being created for table 'pbs_debug'

  Total Time (Wall) |  Stage Time (Wall)  |   % (Wall)   |    Date - Time     |  Memory   | Stage
--------------------+---------------------+--------------+--------------------+-----------+----------------------
 00:00:07(00:00:13) |  00:00:00(00:00:00) |   0.0(  0.0) |   15:39:02 (Jul19) |  327.7 MB | PBS_Generic-Start
--------------------+---------------------+--------------+--------------------+-----------+----------------------
 00:00:13(00:00:19) |  00:00:06(00:00:06) |  35.7( 37.5) |   15:39:08 (Jul19) |  609.5 MB | PBS_Generic_Opt-Post
--------------------+---------------------+--------------+--------------------+-----------+----------------------
 00:00:13(00:00:19) |  00:00:00(00:00:00) |   0.0(  0.0) |   15:39:08 (Jul19) |  609.5 MB | PBS_Generic-Postgen HBO Optimizations
--------------------+---------------------+--------------+--------------------+-----------+----------------------
 00:00:13(00:00:19) |  00:00:00(00:00:00) |   0.0(  0.0) |   15:39:08 (Jul19) |  609.5 MB | PBS_TechMap-Start
--------------------+---------------------+--------------+--------------------+-----------+----------------------
 00:00:13(00:00:19) |  00:00:00(00:00:00) |   0.0(  0.0) |   15:39:08 (Jul19) |  609.5 MB | PBS_TechMap-Premap HBO Optimizations
--------------------+---------------------+--------------+--------------------+-----------+----------------------
 00:00:24(00:00:28) |  00:00:10(00:00:09) |  59.0( 56.2) |   15:39:17 (Jul19) |  601.1 MB | PBS_Techmap-Global Mapping
--------------------+---------------------+--------------+--------------------+-----------+----------------------
 00:00:25(00:00:29) |  00:00:01(00:00:01) |   5.5(  6.2) |   15:39:18 (Jul19) |  601.1 MB | PBS_TechMap-Datapath Postmap Operations
--------------------+---------------------+--------------+--------------------+-----------+----------------------
 00:00:25(00:00:29) |  00:00:00(00:00:00) |  -0.2(  0.0) |   15:39:18 (Jul19) |  601.1 MB | PBS_TechMap-Postmap HBO Optimizations
--------------------+---------------------+--------------+--------------------+-----------+----------------------
Number of threads: 8 * 1   (id: pbs_debug, time_info v1.57)
Info: (*N*) indicates data that was populated from previously saved time_info database
Info: CPU time includes time of parent + longest thread
 Doing ConstProp on design:Ram_dualport ... 

IOPT-REDREM: Performing redundancy removal: Detected 0 redundant wires. CPU time 0.051 seconds.

PBS_TechMap-Postmap Clock Gating - Elapsed_Time 0, CPU_Time 0.0
stamp 'PBS_TechMap-Postmap Clock Gating' being created for table 'pbs_debug'

  Total Time (Wall) |  Stage Time (Wall)  |   % (Wall)   |    Date - Time     |  Memory   | Stage
--------------------+---------------------+--------------+--------------------+-----------+----------------------
 00:00:07(00:00:13) |  00:00:00(00:00:00) |   0.0(  0.0) |   15:39:02 (Jul19) |  327.7 MB | PBS_Generic-Start
--------------------+---------------------+--------------+--------------------+-----------+----------------------
 00:00:13(00:00:19) |  00:00:06(00:00:06) |  35.7( 37.5) |   15:39:08 (Jul19) |  609.5 MB | PBS_Generic_Opt-Post
--------------------+---------------------+--------------+--------------------+-----------+----------------------
 00:00:13(00:00:19) |  00:00:00(00:00:00) |   0.0(  0.0) |   15:39:08 (Jul19) |  609.5 MB | PBS_Generic-Postgen HBO Optimizations
--------------------+---------------------+--------------+--------------------+-----------+----------------------
 00:00:13(00:00:19) |  00:00:00(00:00:00) |   0.0(  0.0) |   15:39:08 (Jul19) |  609.5 MB | PBS_TechMap-Start
--------------------+---------------------+--------------+--------------------+-----------+----------------------
 00:00:13(00:00:19) |  00:00:00(00:00:00) |   0.0(  0.0) |   15:39:08 (Jul19) |  609.5 MB | PBS_TechMap-Premap HBO Optimizations
--------------------+---------------------+--------------+--------------------+-----------+----------------------
 00:00:24(00:00:28) |  00:00:10(00:00:09) |  59.0( 56.2) |   15:39:17 (Jul19) |  601.1 MB | PBS_Techmap-Global Mapping
--------------------+---------------------+--------------+--------------------+-----------+----------------------
 00:00:25(00:00:29) |  00:00:01(00:00:01) |   5.5(  6.2) |   15:39:18 (Jul19) |  601.1 MB | PBS_TechMap-Datapath Postmap Operations
--------------------+---------------------+--------------+--------------------+-----------+----------------------
 00:00:25(00:00:29) |  00:00:00(00:00:00) |  -0.2(  0.0) |   15:39:18 (Jul19) |  601.1 MB | PBS_TechMap-Postmap HBO Optimizations
--------------------+---------------------+--------------+--------------------+-----------+----------------------
 00:00:25(00:00:29) |  00:00:00(00:00:00) |   0.0(  0.0) |   15:39:18 (Jul19) |  601.1 MB | PBS_TechMap-Postmap Clock Gating
--------------------+---------------------+--------------+--------------------+-----------+----------------------
Number of threads: 8 * 1   (id: pbs_debug, time_info v1.57)
Info: (*N*) indicates data that was populated from previously saved time_info database
Info: CPU time includes time of parent + longest thread
-------------------------------------------------------------------------------
 hi_fo_buf                 26610        0         0         0        0

           Trick     Calls     Accepts   Attempts    Time(secs) 
-----------------------------------------------------------
       hi_fo_buf         0  (        0 /        0 )  0.00

 
Incremental optimization status
===============================
                                   Group   
                                  Tot Wrst     Total - - DRC Totals - -
                           Total  Weighted      Neg       Max     Max  
Operation                   Area   Slacks      Slack      Cap   Fanout 
 init_delay                26610        0         0         0        0

           Trick     Calls     Accepts   Attempts    Time(secs) 
-----------------------------------------------------------
       crit_upsz         0  (        0 /        0 )  0.00
    plc_bal_star         0  (        0 /        0 )  0.00
     drc_buftimb         0  (        0 /        0 )  0.00
          plc_st         0  (        0 /        0 )  0.00
    plc_st_fence         0  (        0 /        0 )  0.00
        plc_star         0  (        0 /        0 )  0.00
      plc_laf_st         0  (        0 /        0 )  0.00
 plc_laf_st_fence         0  (        0 /        0 )  0.00
     drc_buftims         0  (        0 /        0 )  0.00
            fopt         0  (        0 /        0 )  0.00
   plc_laf_lo_st         0  (        0 /        0 )  0.00
       plc_lo_st         0  (        0 /        0 )  0.00
        mb_split         0  (        0 /        0 )  0.00

 
Local TNS optimization status
=============================
                                   Group   
                                  Tot Wrst     Total - - DRC Totals - -
                           Total  Weighted      Neg       Max     Max  
Operation                   Area   Slacks      Slack      Cap   Fanout 
 init_tns                  26610        0         0         0        0

           Trick     Calls     Accepts   Attempts    Time(secs) 
-----------------------------------------------------------
    plc_bal_star         0  (        0 /        0 )  0.00
     drc_buftimb         0  (        0 /        0 )  0.00
     drc_buftims         0  (        0 /        0 )  0.00
       crit_upsz         0  (        0 /        0 )  0.00
   plc_laf_lo_st         0  (        0 /        0 )  0.00
       plc_lo_st         0  (        0 /        0 )  0.00
            fopt         0  (        0 /        0 )  0.00
       crit_dnsz         0  (        0 /        0 )  0.00
             dup         0  (        0 /        0 )  0.00
        setup_dn         0  (        0 /        0 )  0.00
        mb_split         0  (        0 /        0 )  0.00

PBS_TechMap-Postmap Cleanup - Elapsed_Time 1, CPU_Time -0.03218100000000135
stamp 'PBS_TechMap-Postmap Cleanup' being created for table 'pbs_debug'

  Total Time (Wall) |  Stage Time (Wall)  |   % (Wall)   |    Date - Time     |  Memory   | Stage
--------------------+---------------------+--------------+--------------------+-----------+----------------------
 00:00:07(00:00:13) |  00:00:00(00:00:00) |   0.0(  0.0) |   15:39:02 (Jul19) |  327.7 MB | PBS_Generic-Start
--------------------+---------------------+--------------+--------------------+-----------+----------------------
 00:00:13(00:00:19) |  00:00:06(00:00:06) |  35.7( 35.3) |   15:39:08 (Jul19) |  609.5 MB | PBS_Generic_Opt-Post
--------------------+---------------------+--------------+--------------------+-----------+----------------------
 00:00:13(00:00:19) |  00:00:00(00:00:00) |   0.0(  0.0) |   15:39:08 (Jul19) |  609.5 MB | PBS_Generic-Postgen HBO Optimizations
--------------------+---------------------+--------------+--------------------+-----------+----------------------
 00:00:13(00:00:19) |  00:00:00(00:00:00) |   0.0(  0.0) |   15:39:08 (Jul19) |  609.5 MB | PBS_TechMap-Start
--------------------+---------------------+--------------+--------------------+-----------+----------------------
 00:00:13(00:00:19) |  00:00:00(00:00:00) |   0.0(  0.0) |   15:39:08 (Jul19) |  609.5 MB | PBS_TechMap-Premap HBO Optimizations
--------------------+---------------------+--------------+--------------------+-----------+----------------------
 00:00:24(00:00:28) |  00:00:10(00:00:09) |  59.1( 52.9) |   15:39:17 (Jul19) |  601.1 MB | PBS_Techmap-Global Mapping
--------------------+---------------------+--------------+--------------------+-----------+----------------------
 00:00:25(00:00:29) |  00:00:01(00:00:01) |   5.5(  5.9) |   15:39:18 (Jul19) |  601.1 MB | PBS_TechMap-Datapath Postmap Operations
--------------------+---------------------+--------------+--------------------+-----------+----------------------
 00:00:25(00:00:29) |  00:00:00(00:00:00) |  -0.2(  0.0) |   15:39:18 (Jul19) |  601.1 MB | PBS_TechMap-Postmap HBO Optimizations
--------------------+---------------------+--------------+--------------------+-----------+----------------------
 00:00:25(00:00:29) |  00:00:00(00:00:00) |   0.0(  0.0) |   15:39:18 (Jul19) |  601.1 MB | PBS_TechMap-Postmap Clock Gating
--------------------+---------------------+--------------+--------------------+-----------+----------------------
 00:00:25(00:00:30) |  00:00:00(00:00:01) |  -0.2(  5.9) |   15:39:19 (Jul19) |  601.1 MB | PBS_TechMap-Postmap Cleanup
--------------------+---------------------+--------------+--------------------+-----------+----------------------
Number of threads: 8 * 1   (id: pbs_debug, time_info v1.57)
Info: (*N*) indicates data that was populated from previously saved time_info database
Info: CPU time includes time of parent + longest thread
PBS_Techmap-Post_MBCI - Elapsed_Time 0, CPU_Time 0.0
stamp 'PBS_Techmap-Post_MBCI' being created for table 'pbs_debug'

  Total Time (Wall) |  Stage Time (Wall)  |   % (Wall)   |    Date - Time     |  Memory   | Stage
--------------------+---------------------+--------------+--------------------+-----------+----------------------
 00:00:07(00:00:13) |  00:00:00(00:00:00) |   0.0(  0.0) |   15:39:02 (Jul19) |  327.7 MB | PBS_Generic-Start
--------------------+---------------------+--------------+--------------------+-----------+----------------------
 00:00:13(00:00:19) |  00:00:06(00:00:06) |  35.7( 35.3) |   15:39:08 (Jul19) |  609.5 MB | PBS_Generic_Opt-Post
--------------------+---------------------+--------------+--------------------+-----------+----------------------
 00:00:13(00:00:19) |  00:00:00(00:00:00) |   0.0(  0.0) |   15:39:08 (Jul19) |  609.5 MB | PBS_Generic-Postgen HBO Optimizations
--------------------+---------------------+--------------+--------------------+-----------+----------------------
 00:00:13(00:00:19) |  00:00:00(00:00:00) |   0.0(  0.0) |   15:39:08 (Jul19) |  609.5 MB | PBS_TechMap-Start
--------------------+---------------------+--------------+--------------------+-----------+----------------------
 00:00:13(00:00:19) |  00:00:00(00:00:00) |   0.0(  0.0) |   15:39:08 (Jul19) |  609.5 MB | PBS_TechMap-Premap HBO Optimizations
--------------------+---------------------+--------------+--------------------+-----------+----------------------
 00:00:24(00:00:28) |  00:00:10(00:00:09) |  59.1( 52.9) |   15:39:17 (Jul19) |  601.1 MB | PBS_Techmap-Global Mapping
--------------------+---------------------+--------------+--------------------+-----------+----------------------
 00:00:25(00:00:29) |  00:00:01(00:00:01) |   5.5(  5.9) |   15:39:18 (Jul19) |  601.1 MB | PBS_TechMap-Datapath Postmap Operations
--------------------+---------------------+--------------+--------------------+-----------+----------------------
 00:00:25(00:00:29) |  00:00:00(00:00:00) |  -0.2(  0.0) |   15:39:18 (Jul19) |  601.1 MB | PBS_TechMap-Postmap HBO Optimizations
--------------------+---------------------+--------------+--------------------+-----------+----------------------
 00:00:25(00:00:29) |  00:00:00(00:00:00) |   0.0(  0.0) |   15:39:18 (Jul19) |  601.1 MB | PBS_TechMap-Postmap Clock Gating
--------------------+---------------------+--------------+--------------------+-----------+----------------------
 00:00:25(00:00:30) |  00:00:00(00:00:01) |  -0.2(  5.9) |   15:39:19 (Jul19) |  601.1 MB | PBS_TechMap-Postmap Cleanup
--------------------+---------------------+--------------+--------------------+-----------+----------------------
 00:00:25(00:00:30) |  00:00:00(00:00:00) |   0.0(  0.0) |   15:39:19 (Jul19) |  601.1 MB | PBS_Techmap-Post_MBCI
--------------------+---------------------+--------------+--------------------+-----------+----------------------
Number of threads: 8 * 1   (id: pbs_debug, time_info v1.57)
Info: (*N*) indicates data that was populated from previously saved time_info database
Info: CPU time includes time of parent + longest thread
##>=================== Cadence Confidential (Mapping-Logical) ===================
##>Main Thread Summary:
##>----------------------------------------------------------------------------------------
##>STEP                           Elapsed       WNS       TNS     Insts      Area    Memory
##>----------------------------------------------------------------------------------------
##>M:Initial                            0         -         -      3400     45775       609
##>M:Pre Cleanup                        0         -         -      3400     45775       609
##>M:Setup                              0         -         -         -         -         -
##>M:Launch ST                          0         -         -         -         -         -
##>M:Design Partition                   0         -         -         -         -         -
##>M:Create Partition Netlists          0         -         -         -         -         -
##>M:Init Power                         0         -         -         -         -         -
##>M:Budgeting                          0         -         -         -         -         -
##>M:Derenv-DB                          0         -         -         -         -         -
##>M:Debug Outputs                      0         -         -         -         -         -
##>M:ST loading                         0         -         -         -         -         -
##>M:Distributed                        0         -         -         -         -         -
##>M:Timer                              0         -         -         -         -         -
##>M:Assembly                           0         -         -         -         -         -
##>M:DFT                                0         -         -         -         -         -
##>M:DP Operations                      1         -         -      2175     26610       601
##>M:Const Prop                         0       766         0      2175     26610       601
##>M:Cleanup                            1       766         0      2175     26610       601
##>M:MBCI                               0         -         -      2175     26610       601
##>M:Const Gate Removal                 0         -         -         -         -         -
##>M:Misc                               9
##>----------------------------------------------------------------------------------------
##>Total Elapsed                       11
##>========================================================================================
Info    : Done mapping. [SYNTH-5]
        : Done mapping 'Ram_dualport'.
      flow.cputime  flow.realtime  timing.setup.tns  timing.setup.wns  snapshot
UM:*                                                                   syn_map
@file(console.tcl) 11: set_db syn_opt_effort medium
  Setting attribute of root '/': 'syn_opt_effort' = medium
@file(console.tcl) 12: syn_opt
Info    : Incrementally optimizing. [SYNTH-7]
        : Incrementally optimizing 'Ram_dualport' using 'medium' effort.
 
Incremental optimization status
===============================
                                   Group   
                                  Tot Wrst     Total - - DRC Totals - -
                           Total  Weighted      Neg       Max     Max  
Operation                   Area   Slacks      Slack      Cap   Fanout 
 init_iopt                 26610        0         0         0        0
IOPT-REDREM: Performing redundancy removal: Detected 0 redundant wires. CPU time 0.010 seconds.

-------------------------------------------------------------------------------
 const_prop                26610        0         0         0        0
 
Incremental optimization status
===============================
                                   Group   
                                  Tot Wrst     Total - - DRC Totals - -
                           Total  Weighted      Neg       Max     Max  
Operation                   Area   Slacks      Slack      Cap   Fanout 
 init_delay                26610        0         0         0        0

           Trick     Calls     Accepts   Attempts    Time(secs) 
-----------------------------------------------------------
       crit_upsz         0  (        0 /        0 )  0.00
    plc_bal_star         0  (        0 /        0 )  0.00
     drc_buftimb         0  (        0 /        0 )  0.00
          plc_st         0  (        0 /        0 )  0.00
    plc_st_fence         0  (        0 /        0 )  0.00
        plc_star         0  (        0 /        0 )  0.00
      plc_laf_st         0  (        0 /        0 )  0.00
 plc_laf_st_fence         0  (        0 /        0 )  0.00
     drc_buftims         0  (        0 /        0 )  0.00
   plc_laf_lo_st         0  (        0 /        0 )  0.00
       plc_lo_st         0  (        0 /        0 )  0.00
            fopt         0  (        0 /        0 )  0.00
       crit_dnsz         0  (        0 /        0 )  0.00
             dup         0  (        0 /        0 )  0.00
            fopt         0  (        0 /        0 )  0.00
        setup_dn         0  (        0 /        0 )  0.00
         buf2inv         0  (        0 /        0 )  0.00
        mb_split         0  (        0 /        0 )  0.00
             exp         0  (        0 /        0 )  0.00
       gate_deco         0  (        0 /        0 )  0.00
       gcomp_tim         0  (        0 /        0 )  0.00
  inv_pair_2_buf         0  (        0 /        0 )  0.00

 init_drc                  26610        0         0         0        0

           Trick     Calls     Accepts   Attempts    Time(secs) 
-----------------------------------------------------------
          plc_st         0  (        0 /        0 )  0.00
        plc_star         0  (        0 /        0 )  0.00
        drc_bufs         0  (        0 /        0 )  0.00
        drc_fopt         0  (        0 /        0 )  0.00
        drc_bufb         0  (        0 /        0 )  0.00
      simple_buf         0  (        0 /        0 )  0.00
             dup         0  (        0 /        0 )  0.00
       crit_dnsz         0  (        0 /        0 )  0.00
       crit_upsz         0  (        0 /        0 )  0.00


           Trick     Calls     Accepts   Attempts    Time(secs) 
-----------------------------------------------------------
          plc_st         0  (        0 /        0 )  0.00
        plc_star         0  (        0 /        0 )  0.00
      drc_buf_sp         0  (        0 /        0 )  0.00
        drc_bufs         0  (        0 /        0 )  0.00
        drc_fopt         0  (        0 /        0 )  0.00
        drc_bufb         0  (        0 /        0 )  0.00
      simple_buf         0  (        0 /        0 )  0.00
             dup         0  (        0 /        0 )  0.00
       crit_dnsz         0  (        0 /        0 )  0.00
       crit_upsz         0  (        0 /        0 )  0.00


           Trick     Calls     Accepts   Attempts    Time(secs) 
-----------------------------------------------------------
          plc_st         0  (        0 /        0 )  0.00
        plc_star         0  (        0 /        0 )  0.00
      drc_buf_sp         0  (        0 /        0 )  0.00
        drc_bufs         0  (        0 /        0 )  0.00
        drc_fopt         0  (        0 /        0 )  0.00
        drc_bufb         0  (        0 /        0 )  0.00
             dup         0  (        0 /        0 )  0.00
       crit_dnsz         0  (        0 /        0 )  0.00
       crit_upsz         0  (        0 /        0 )  0.00

 init_tns                  26610        0         0         0        0

           Trick     Calls     Accepts   Attempts    Time(secs) 
-----------------------------------------------------------
    plc_bal_star         0  (        0 /        0 )  0.00
     drc_buftimb         0  (        0 /        0 )  0.00
     drc_buftims         0  (        0 /        0 )  0.00
       crit_upsz         0  (        0 /        0 )  0.00
   plc_laf_lo_st         0  (        0 /        0 )  0.00
       plc_lo_st         0  (        0 /        0 )  0.00
            fopt         0  (        0 /        0 )  0.00
       crit_dnsz         0  (        0 /        0 )  0.00
             dup         0  (        0 /        0 )  0.00
        setup_dn         0  (        0 /        0 )  0.00
         buf2inv         0  (        0 /        0 )  0.00
        mb_split         0  (        0 /        0 )  0.00

 init_area                 26610        0         0         0        0
 rem_inv                   26574        0         0         0        0

           Trick     Calls     Accepts   Attempts    Time(secs) 
-----------------------------------------------------------
           undup         0  (        0 /        0 )  0.00
         rem_buf         0  (        0 /        0 )  0.00
         rem_inv        64  (       16 /       16 )  0.06
        merge_bi        32  (        0 /        0 )  0.05
      rem_inv_qb         0  (        0 /        0 )  0.00
        io_phase         0  (        0 /        0 )  0.00
       gate_comp         0  (        0 /        0 )  0.02
       gcomp_mog         0  (        0 /        0 )  0.01
       glob_area        11  (        0 /       11 )  0.01
       area_down         4  (        0 /        0 )  0.02
      size_n_buf         1  (        0 /        0 )  0.03
  gate_deco_area         0  (        0 /        0 )  0.00
         rem_buf         0  (        0 /        0 )  0.00
         rem_inv        48  (        0 /        0 )  0.03
        merge_bi        32  (        0 /        0 )  0.04
      rem_inv_qb         0  (        0 /        0 )  0.00

 
Incremental optimization status
===============================
                                   Group   
                                  Tot Wrst     Total - - DRC Totals - -
                           Total  Weighted      Neg       Max     Max  
Operation                   Area   Slacks      Slack      Cap   Fanout 
 init_delay                26574        0         0         0        0

           Trick     Calls     Accepts   Attempts    Time(secs) 
-----------------------------------------------------------
       crit_upsz         0  (        0 /        0 )  0.00
    plc_bal_star         0  (        0 /        0 )  0.00
     drc_buftimb         0  (        0 /        0 )  0.00
          plc_st         0  (        0 /        0 )  0.00
    plc_st_fence         0  (        0 /        0 )  0.00
        plc_star         0  (        0 /        0 )  0.00
      plc_laf_st         0  (        0 /        0 )  0.00
 plc_laf_st_fence         0  (        0 /        0 )  0.00
     drc_buftims         0  (        0 /        0 )  0.00
   plc_laf_lo_st         0  (        0 /        0 )  0.00
       plc_lo_st         0  (        0 /        0 )  0.00
            fopt         0  (        0 /        0 )  0.00
       crit_dnsz         0  (        0 /        0 )  0.00
             dup         0  (        0 /        0 )  0.00
            fopt         0  (        0 /        0 )  0.00
        setup_dn         0  (        0 /        0 )  0.00
         buf2inv         0  (        0 /        0 )  0.00
        mb_split         0  (        0 /        0 )  0.00
             exp         0  (        0 /        0 )  0.00
       gate_deco         0  (        0 /        0 )  0.00
       gcomp_tim         0  (        0 /        0 )  0.00
  inv_pair_2_buf         0  (        0 /        0 )  0.00

 init_drc                  26574        0         0         0        0

           Trick     Calls     Accepts   Attempts    Time(secs) 
-----------------------------------------------------------
          plc_st         0  (        0 /        0 )  0.00
        plc_star         0  (        0 /        0 )  0.00
        drc_bufs         0  (        0 /        0 )  0.00
        drc_fopt         0  (        0 /        0 )  0.00
        drc_bufb         0  (        0 /        0 )  0.00
      simple_buf         0  (        0 /        0 )  0.00
             dup         0  (        0 /        0 )  0.00
       crit_dnsz         0  (        0 /        0 )  0.00
       crit_upsz         0  (        0 /        0 )  0.00


           Trick     Calls     Accepts   Attempts    Time(secs) 
-----------------------------------------------------------
          plc_st         0  (        0 /        0 )  0.00
        plc_star         0  (        0 /        0 )  0.00
        drc_bufs         0  (        0 /        0 )  0.00
        drc_fopt         0  (        0 /        0 )  0.00
        drc_bufb         0  (        0 /        0 )  0.00
      simple_buf         0  (        0 /        0 )  0.00
             dup         0  (        0 /        0 )  0.00
       crit_dnsz         0  (        0 /        0 )  0.00
       crit_upsz         0  (        0 /        0 )  0.00


           Trick     Calls     Accepts   Attempts    Time(secs) 
-----------------------------------------------------------
          plc_st         0  (        0 /        0 )  0.00
        plc_star         0  (        0 /        0 )  0.00
        drc_bufs         0  (        0 /        0 )  0.00
        drc_fopt         0  (        0 /        0 )  0.00
        drc_bufb         0  (        0 /        0 )  0.00
             dup         0  (        0 /        0 )  0.00
       crit_dnsz         0  (        0 /        0 )  0.00
       crit_upsz         0  (        0 /        0 )  0.00

 init_area                 26574        0         0         0        0

           Trick     Calls     Accepts   Attempts    Time(secs) 
-----------------------------------------------------------
           undup         0  (        0 /        0 )  0.00
         rem_buf         0  (        0 /        0 )  0.00
         rem_inv        48  (        0 /        0 )  0.04
        merge_bi        32  (        0 /        0 )  0.05
      rem_inv_qb         0  (        0 /        0 )  0.00
        io_phase         0  (        0 /        0 )  0.00
       gate_comp         0  (        0 /        0 )  0.02
       gcomp_mog         0  (        0 /        0 )  0.01
       glob_area        11  (        0 /       11 )  0.01
       area_down         4  (        0 /        0 )  0.02
      size_n_buf         0  (        0 /        0 )  0.01
  gate_deco_area         0  (        0 /        0 )  0.00

==================================
Stage : incr_opt 
==================================
  =================
   Message Summary
  =================
--------------------------------------------------------------------------------
|   Id    |Sev  |Count |                     Message Text                      |
--------------------------------------------------------------------------------
| CFM-1   |Info |    1 |Wrote dofile.                                          |
| CFM-5   |Info |    1 |Wrote formal verification information.                 |
| CFM-212 |Info |    1 |Forcing flat compare.                                  |
| CPI-506 |Info |    1 |Command 'commit_power_intent' cannot proceed as there  |
|         |     |      | is no power intent loaded.                            |
| PA-7    |Info |    4 |Resetting power analysis results.                      |
|         |     |      |All computed switching activities are removed.         |
| SYNTH-5 |Info |    1 |Done mapping.                                          |
| SYNTH-7 |Info |    1 |Incrementally optimizing.                              |
--------------------------------------------------------------------------------
Info    : Done incrementally optimizing. [SYNTH-8]
        : Done incrementally optimizing 'Ram_dualport'.
      flow.cputime  flow.realtime  timing.setup.tns  timing.setup.wns  snapshot
UM:*                                                                   syn_opt
@file(console.tcl) 13: write_hdl > Ram_dualport_netlist.v
@file(console.tcl) 14: write_sdc > Ram_dualport_block.sdc
Finished SDC export (command execution time mm:ss (real) = 00:00).
@file(console.tcl) 15: report_area > Ram_dualport_area.rep
@file(console.tcl) 16: report_gates > Ram_dualport_gate.rep
@file(console.tcl) 17: report_power > Ram_dualport_power.rep
Info    : Joules engine is used. [RPT-16]
        : Joules engine is being used for the command report_power.
Info   : ACTP-0001 [ACTPInfo] Activity propagation started for stim#0 netlist
       : Ram_dualport
Info   : ACTP-0009 [ACTPInfo] Activity Propagation Progress Report :   0%   1%   2%   3%   4%   5%   6%   7%   8%   9%  10%  11%  12%  13%  14%  15%  16%  17%  18%  19%  20%  21%  22%  23%  24%  25%  26%  27%  28%  29%  30%  31%  32%  33%  34%  35%  36%  37%  38%  39%  40%  41%  42%  43%  44%  45%  46%  47%  48%  49%  50%  51%  52%  53%  54%  55%  56%  57%  58%  59%  60%  61%  62%  63%  64%  65%  66%  67%  68%  69%  70%  71%  72%  73%  74%  75%  76%  77%  78%  79%  80%  81%  82%  83%  84%  85%  86%  87%  88%  89%  90%  91%  92%  93%  94%  95%  96%  97%  98%  99% 100%
Info   : ACTP-0001 Activity propagation ended for stim#0
Info   : PWRA-0001 [PwrInfo] compute_power effective options 
       : -mode : vectorless
       : -skip_propagation : 1
       : -frequency_scaling_factor : 1.0
       : -use_clock_freq : stim
       : -stim :/stim#0
       : -fromGenus : 1
Info   : ACTP-0001 Timing initialization started
Info   : ACTP-0001 Timing initialization ended
Info   : PWRA-0002 [PwrInfo] Skipping activity propagation due to -skip_ap
       : option....
Warning: PWRA-0302 [PwrWarn] Frequency scaling is not applicable for vectorless
       : flow. Ignoring frequency scaling.
Warning: PWRA-0304 [PwrWarn] -stim option is not applicable with vectorless mode
       : of power analysis, ignored this option.
Info   : PWRA-0002 Started 'vectorless' power computation.
Info   : PWRA-0009 [PwrInfo] Power Computation Progress Report :  53% 100%
Info   : PWRA-0002 Finished power computation.
Info   : PWRA-0007 [PwrInfo] Completed successfully.
       : Info=6, Warn=2, Error=0, Fatal=0
Output file: Ram_dualport_power.rep
@file(console.tcl) 18: report_timing > Ram_dualport_timing.rep
@file(console.tcl) 19: gui_show
#@ End verbose source ./console.tcl
@genus:root: 2> exit
Normal exit.